{"level":"info","ts":"2021-11-15T03:21:24.347Z","caller":"app/app.go:85","msg":"success to create mysql client"}
{"level":"info","ts":"2021-11-15T03:21:24.348Z","caller":"app/app.go:91","msg":"success to create redis client"}
{"level":"info","ts":"2021-11-15T03:21:24.375Z","caller":"app/app.go:98","msg":"success to create rabbitmq server"}
{"level":"info","ts":"2021-11-15T03:24:40.830Z","caller":"app/app.go:85","msg":"success to create mysql client"}
{"level":"info","ts":"2021-11-15T03:24:40.832Z","caller":"app/app.go:91","msg":"success to create redis client"}
{"level":"info","ts":"2021-11-15T03:24:40.879Z","caller":"app/app.go:98","msg":"success to create rabbitmq server"}
{"level":"info","ts":"2021-11-15T03:27:00.382Z","caller":"app/app.go:85","msg":"success to create mysql client"}
{"level":"info","ts":"2021-11-15T03:27:00.383Z","caller":"app/app.go:91","msg":"success to create redis client"}
{"level":"info","ts":"2021-11-15T03:27:00.392Z","caller":"app/app.go:98","msg":"success to create rabbitmq server"}
{"level":"info","ts":"2021-11-15T03:30:25.197Z","caller":"app/app.go:85","msg":"success to create mysql client"}
{"level":"info","ts":"2021-11-15T03:30:25.198Z","caller":"app/app.go:91","msg":"success to create redis client"}
{"level":"info","ts":"2021-11-15T03:30:25.206Z","caller":"app/app.go:98","msg":"success to create rabbitmq server"}
{"level":"info","ts":"2021-11-15T03:33:34.456Z","caller":"app/app.go:85","msg":"success to create mysql client"}
{"level":"info","ts":"2021-11-15T03:33:34.459Z","caller":"app/app.go:91","msg":"success to create redis client"}
{"level":"info","ts":"2021-11-15T03:33:34.466Z","caller":"app/app.go:98","msg":"success to create rabbitmq server"}
{"level":"info","ts":"2021-11-15T04:03:36.406Z","caller":"app/app.go:86","msg":"success to create mysql client"}
{"level":"info","ts":"2021-11-15T04:03:36.407Z","caller":"app/app.go:92","msg":"success to create redis client"}
{"level":"info","ts":"2021-11-15T04:03:36.415Z","caller":"app/app.go:99","msg":"success to create rabbitmq server"}
{"level":"info","ts":"2021-11-15T04:05:04.734Z","caller":"app/app.go:86","msg":"success to create mysql client"}
{"level":"info","ts":"2021-11-15T04:05:04.735Z","caller":"app/app.go:92","msg":"success to create redis client"}
{"level":"info","ts":"2021-11-15T04:05:04.744Z","caller":"app/app.go:99","msg":"success to create rabbitmq server"}
{"level":"info","ts":"2021-11-15T04:06:13.360Z","caller":"app/app.go:86","msg":"success to create mysql client"}
{"level":"info","ts":"2021-11-15T04:06:13.371Z","caller":"app/app.go:92","msg":"success to create redis client"}
{"level":"info","ts":"2021-11-15T04:06:13.378Z","caller":"app/app.go:99","msg":"success to create rabbitmq server"}
{"level":"info","ts":"2021-11-15T06:53:05.181Z","caller":"app/app.go:86","msg":"success to create mysql client"}
{"level":"info","ts":"2021-11-15T06:53:05.183Z","caller":"app/app.go:92","msg":"success to create redis client"}
{"level":"info","ts":"2021-11-15T06:53:05.276Z","caller":"app/app.go:99","msg":"success to create rabbitmq server"}
{"level":"info","ts":"2021-11-15T06:55:11.384Z","caller":"app/app.go:86","msg":"success to create mysql client"}
{"level":"info","ts":"2021-11-15T06:55:11.395Z","caller":"app/app.go:92","msg":"success to create redis client"}
{"level":"info","ts":"2021-11-15T06:55:11.586Z","caller":"app/app.go:99","msg":"success to create rabbitmq server"}
{"level":"info","ts":"2021-11-15T07:07:17.977Z","caller":"app/app.go:86","msg":"success to create mysql client"}
{"level":"info","ts":"2021-11-15T07:07:17.979Z","caller":"app/app.go:92","msg":"success to create redis client"}
{"level":"info","ts":"2021-11-15T07:07:17.994Z","caller":"app/app.go:99","msg":"success to create rabbitmq server"}
{"level":"info","ts":"2021-11-15T07:14:29.695Z","caller":"app/app.go:86","msg":"success to create mysql client"}
{"level":"info","ts":"2021-11-15T07:14:29.774Z","caller":"app/app.go:92","msg":"success to create redis client"}
{"level":"info","ts":"2021-11-15T07:14:29.795Z","caller":"app/app.go:99","msg":"success to create rabbitmq server"}
{"level":"info","ts":"2021-11-15T07:16:17.794Z","caller":"app/app.go:86","msg":"success to create mysql client"}
{"level":"info","ts":"2021-11-15T07:16:17.876Z","caller":"app/app.go:92","msg":"success to create redis client"}
{"level":"info","ts":"2021-11-15T07:16:17.889Z","caller":"app/app.go:99","msg":"success to create rabbitmq server"}
{"level":"info","ts":"2021-11-15T07:17:43.184Z","caller":"app/app.go:86","msg":"success to create mysql client"}
{"level":"info","ts":"2021-11-15T07:17:43.189Z","caller":"app/app.go:92","msg":"success to create redis client"}
{"level":"info","ts":"2021-11-15T07:17:43.290Z","caller":"app/app.go:99","msg":"success to create rabbitmq server"}
{"level":"info","ts":"2021-11-15T07:19:08.580Z","caller":"app/app.go:86","msg":"success to create mysql client"}
{"level":"info","ts":"2021-11-15T07:19:08.585Z","caller":"app/app.go:92","msg":"success to create redis client"}
{"level":"info","ts":"2021-11-15T07:19:08.674Z","caller":"app/app.go:99","msg":"success to create rabbitmq server"}
{"level":"info","ts":"2021-11-15T07:19:38.094Z","caller":"app/app.go:86","msg":"success to create mysql client"}
{"level":"info","ts":"2021-11-15T07:19:38.187Z","caller":"app/app.go:92","msg":"success to create redis client"}
{"level":"info","ts":"2021-11-15T07:19:38.289Z","caller":"app/app.go:99","msg":"success to create rabbitmq server"}
{"level":"info","ts":"2021-11-15T14:10:31.274Z","caller":"app/app.go:86","msg":"success to create mysql client"}
{"level":"info","ts":"2021-11-15T14:10:31.277Z","caller":"app/app.go:92","msg":"success to create redis client"}
{"level":"info","ts":"2021-11-15T14:10:31.391Z","caller":"app/app.go:99","msg":"success to create rabbitmq server"}
{"level":"info","ts":"2021-11-15T14:28:34.103Z","caller":"app/app.go:86","msg":"success to create mysql client"}
{"level":"info","ts":"2021-11-15T14:28:34.105Z","caller":"app/app.go:92","msg":"success to create redis client"}
{"level":"info","ts":"2021-11-15T14:28:34.114Z","caller":"app/app.go:99","msg":"success to create rabbitmq server"}
{"level":"info","ts":"2021-11-16T03:35:22.785Z","caller":"app/app.go:86","msg":"success to create mysql client"}
{"level":"info","ts":"2021-11-16T03:35:22.787Z","caller":"app/app.go:92","msg":"success to create redis client"}
{"level":"info","ts":"2021-11-16T03:35:22.974Z","caller":"app/app.go:99","msg":"success to create rabbitmq server"}
{"level":"info","ts":"2021-11-16T08:34:09.886Z","caller":"app/app.go:86","msg":"success to create mysql client"}
{"level":"info","ts":"2021-11-16T08:34:09.890Z","caller":"app/app.go:92","msg":"success to create redis client"}
{"level":"info","ts":"2021-11-16T08:34:10.077Z","caller":"app/app.go:99","msg":"success to create rabbitmq server"}
{"level":"info","ts":"2021-11-16T10:29:50.582Z","caller":"app/app.go:88","msg":"success to create mysql client"}
{"level":"info","ts":"2021-11-16T10:29:50.693Z","caller":"app/app.go:94","msg":"success to create redis client"}
{"level":"info","ts":"2021-11-16T10:29:50.983Z","caller":"app/app.go:101","msg":"success to create rabbitmq server"}
{"level":"info","ts":"2021-11-16T12:04:20.587Z","caller":"app/app.go:88","msg":"success to create mysql client"}
{"level":"info","ts":"2021-11-16T12:04:20.590Z","caller":"app/app.go:94","msg":"success to create redis client"}
{"level":"info","ts":"2021-11-16T12:04:20.876Z","caller":"app/app.go:101","msg":"success to create rabbitmq server"}
{"level":"info","ts":"2021-11-16T12:29:57.877Z","caller":"app/app.go:88","msg":"success to create mysql client"}
{"level":"info","ts":"2021-11-16T12:29:57.886Z","caller":"app/app.go:94","msg":"success to create redis client"}
{"level":"info","ts":"2021-11-16T12:29:58.095Z","caller":"app/app.go:101","msg":"success to create rabbitmq server"}
{"level":"info","ts":"2021-11-16T14:36:18.381Z","caller":"app/app.go:88","msg":"success to create mysql client"}
{"level":"info","ts":"2021-11-16T14:36:18.391Z","caller":"app/app.go:94","msg":"success to create redis client"}
{"level":"info","ts":"2021-11-16T14:36:18.495Z","caller":"app/app.go:101","msg":"success to create rabbitmq server"}
{"level":"info","ts":"2021-11-16T14:41:28.492Z","caller":"app/app.go:88","msg":"success to create mysql client"}
{"level":"info","ts":"2021-11-16T14:41:28.591Z","caller":"app/app.go:94","msg":"success to create redis client"}
{"level":"info","ts":"2021-11-16T14:41:28.778Z","caller":"app/app.go:101","msg":"success to create rabbitmq server"}
{"level":"info","ts":"2021-11-16T14:43:17.883Z","caller":"app/app.go:88","msg":"success to create mysql client"}
{"level":"info","ts":"2021-11-16T14:43:17.887Z","caller":"app/app.go:94","msg":"success to create redis client"}
{"level":"info","ts":"2021-11-16T14:43:17.991Z","caller":"app/app.go:101","msg":"success to create rabbitmq server"}
{"level":"info","ts":"2021-11-16T14:57:44.396Z","caller":"app/app.go:88","msg":"success to create mysql client"}
{"level":"info","ts":"2021-11-16T14:57:44.397Z","caller":"app/app.go:94","msg":"success to create redis client"}
{"level":"info","ts":"2021-11-16T14:57:44.403Z","caller":"app/app.go:101","msg":"success to create rabbitmq server"}
{"level":"info","ts":"2021-11-16T14:59:55.689Z","caller":"app/app.go:88","msg":"success to create mysql client"}
{"level":"info","ts":"2021-11-16T14:59:55.690Z","caller":"app/app.go:94","msg":"success to create redis client"}
{"level":"info","ts":"2021-11-16T14:59:55.698Z","caller":"app/app.go:101","msg":"success to create rabbitmq server"}
{"level":"info","ts":"2021-11-16T15:04:13.372Z","caller":"app/app.go:88","msg":"success to create mysql client"}
{"level":"info","ts":"2021-11-16T15:04:13.374Z","caller":"app/app.go:94","msg":"success to create redis client"}
{"level":"info","ts":"2021-11-16T15:04:13.382Z","caller":"app/app.go:101","msg":"success to create rabbitmq server"}
{"level":"error","ts":"2021-11-16T15:04:13.674Z","caller":"grpc/grpc.go:29","msg":"[] call PeekService ServiceName:fail to find services of  error: %!v(MISSING)"}
{"level":"error","ts":"2021-11-16T15:04:13.675Z","caller":"grpc/grpc.go:29","msg":"[] call PeekService ServiceName:fail to find services of  error: %!v(MISSING)"}
{"level":"info","ts":"2021-11-16T15:04:36.088Z","caller":"app/app.go:88","msg":"success to create mysql client"}
{"level":"info","ts":"2021-11-16T15:04:36.091Z","caller":"app/app.go:94","msg":"success to create redis client"}
{"level":"info","ts":"2021-11-16T15:04:36.102Z","caller":"app/app.go:101","msg":"success to create rabbitmq server"}
{"level":"error","ts":"2021-11-16T15:04:36.144Z","caller":"grpc/grpc.go:29","msg":"call PeekService ServiceName: error: fail to find services of "}
{"level":"error","ts":"2021-11-16T15:04:36.145Z","caller":"grpc/grpc.go:29","msg":"call PeekService ServiceName: error: fail to find services of "}
{"level":"info","ts":"2021-11-16T15:05:16.644Z","caller":"app/app.go:88","msg":"success to create mysql client"}
{"level":"info","ts":"2021-11-16T15:05:16.646Z","caller":"app/app.go:94","msg":"success to create redis client"}
{"level":"info","ts":"2021-11-16T15:05:16.673Z","caller":"app/app.go:101","msg":"success to create rabbitmq server"}
{"level":"error","ts":"2021-11-16T15:05:16.750Z","caller":"grpc/grpc.go:30","msg":"call PeekService ServiceName: error: fail to find services of "}
{"level":"error","ts":"2021-11-16T15:05:16.752Z","caller":"grpc/grpc.go:30","msg":"call PeekService ServiceName: error: fail to find services of "}
{"level":"info","ts":"2021-11-16T15:05:50.280Z","caller":"app/app.go:88","msg":"success to create mysql client"}
{"level":"info","ts":"2021-11-16T15:05:50.281Z","caller":"app/app.go:94","msg":"success to create redis client"}
{"level":"info","ts":"2021-11-16T15:05:50.289Z","caller":"app/app.go:101","msg":"success to create rabbitmq server"}
{"level":"error","ts":"2021-11-16T15:05:50.382Z","caller":"grpc/grpc.go:30","msg":"call PeekService ServiceName: error: fail to find services of "}
{"level":"error","ts":"2021-11-16T15:05:50.383Z","caller":"grpc/grpc.go:30","msg":"call PeekService ServiceName: error: fail to find services of "}
{"level":"info","ts":"2021-11-16T15:07:20.855Z","caller":"app/app.go:88","msg":"success to create mysql client"}
{"level":"info","ts":"2021-11-16T15:07:20.856Z","caller":"app/app.go:94","msg":"success to create redis client"}
{"level":"info","ts":"2021-11-16T15:07:20.864Z","caller":"app/app.go:101","msg":"success to create rabbitmq server"}
{"level":"error","ts":"2021-11-16T15:07:20.906Z","caller":"grpc/grpc.go:30","msg":"call PeekService ServiceName: error: fail to find services of "}
{"level":"error","ts":"2021-11-16T15:07:20.907Z","caller":"grpc/grpc.go:30","msg":"call PeekService ServiceName: error: fail to find services of "}
{"level":"info","ts":"2021-11-16T15:09:20.797Z","caller":"app/app.go:88","msg":"success to create mysql client"}
{"level":"info","ts":"2021-11-16T15:09:20.800Z","caller":"app/app.go:94","msg":"success to create redis client"}
{"level":"info","ts":"2021-11-16T15:09:20.813Z","caller":"app/app.go:101","msg":"success to create rabbitmq server"}
{"level":"info","ts":"2021-11-16T15:10:45.709Z","caller":"app/app.go:88","msg":"success to create mysql client"}
{"level":"info","ts":"2021-11-16T15:10:45.710Z","caller":"app/app.go:94","msg":"success to create redis client"}
{"level":"info","ts":"2021-11-16T15:10:45.882Z","caller":"app/app.go:101","msg":"success to create rabbitmq server"}
{"level":"info","ts":"2021-11-17T02:40:51.182Z","caller":"app/app.go:88","msg":"success to create mysql client"}
{"level":"info","ts":"2021-11-17T02:40:51.272Z","caller":"app/app.go:94","msg":"success to create redis client"}
{"level":"info","ts":"2021-11-17T02:40:51.371Z","caller":"app/app.go:101","msg":"success to create rabbitmq server"}
{"level":"info","ts":"2021-11-17T02:50:27.592Z","caller":"app/app.go:88","msg":"success to create mysql client"}
{"level":"info","ts":"2021-11-17T02:50:27.597Z","caller":"app/app.go:94","msg":"success to create redis client"}
{"level":"info","ts":"2021-11-17T02:50:27.676Z","caller":"app/app.go:101","msg":"success to create rabbitmq server"}
{"level":"info","ts":"2021-11-18T07:58:08.190Z","caller":"app/app.go:88","msg":"success to create mysql client"}
{"level":"info","ts":"2021-11-18T07:58:08.197Z","caller":"app/app.go:94","msg":"success to create redis client"}
{"level":"info","ts":"2021-11-18T07:58:08.287Z","caller":"app/app.go:101","msg":"success to create rabbitmq server"}
{"level":"info","ts":"2021-11-18T08:10:01.793Z","caller":"app/app.go:88","msg":"success to create mysql client"}
{"level":"info","ts":"2021-11-18T08:10:01.797Z","caller":"app/app.go:94","msg":"success to create redis client"}
{"level":"info","ts":"2021-11-18T08:10:01.979Z","caller":"app/app.go:101","msg":"success to create rabbitmq server"}
{"level":"info","ts":"2021-11-18T08:13:14.597Z","caller":"app/app.go:88","msg":"success to create mysql client"}
{"level":"info","ts":"2021-11-18T08:13:14.598Z","caller":"app/app.go:94","msg":"success to create redis client"}
{"level":"info","ts":"2021-11-18T08:13:14.687Z","caller":"app/app.go:101","msg":"success to create rabbitmq server"}
{"level":"info","ts":"2021-12-08T09:35:13.228Z","caller":"app/app.go:88","msg":"success to create mysql client"}
{"level":"info","ts":"2021-12-08T09:35:13.304Z","caller":"app/app.go:94","msg":"success to create redis client"}
{"level":"info","ts":"2021-12-08T09:35:13.329Z","caller":"app/app.go:101","msg":"success to create rabbitmq server"}
{"level":"info","ts":"2021-12-08T09:38:36.405Z","caller":"app/app.go:88","msg":"success to create mysql client"}
{"level":"info","ts":"2021-12-08T09:38:36.406Z","caller":"app/app.go:94","msg":"success to create redis client"}
{"level":"info","ts":"2021-12-08T09:38:36.508Z","caller":"app/app.go:101","msg":"success to create rabbitmq server"}
{"level":"info","ts":"2021-12-08T09:43:37.120Z","caller":"app/app.go:88","msg":"success to create mysql client"}
{"level":"info","ts":"2021-12-08T09:43:37.124Z","caller":"app/app.go:94","msg":"success to create redis client"}
{"level":"info","ts":"2021-12-08T09:43:37.222Z","caller":"app/app.go:101","msg":"success to create rabbitmq server"}
{"level":"info","ts":"2021-12-08T09:47:44.928Z","caller":"app/app.go:88","msg":"success to create mysql client"}
{"level":"info","ts":"2021-12-08T09:47:44.931Z","caller":"app/app.go:94","msg":"success to create redis client"}
{"level":"info","ts":"2021-12-08T09:47:45.025Z","caller":"app/app.go:101","msg":"success to create rabbitmq server"}
{"level":"info","ts":"2021-12-08T09:56:20.014Z","caller":"app/app.go:88","msg":"success to create mysql client"}
{"level":"info","ts":"2021-12-08T09:56:20.017Z","caller":"app/app.go:94","msg":"success to create redis client"}
{"level":"info","ts":"2021-12-08T09:56:20.025Z","caller":"app/app.go:101","msg":"success to create rabbitmq server"}
{"level":"info","ts":"2021-12-08T09:58:26.409Z","caller":"app/app.go:88","msg":"success to create mysql client"}
{"level":"info","ts":"2021-12-08T09:58:26.411Z","caller":"app/app.go:94","msg":"success to create redis client"}
{"level":"info","ts":"2021-12-08T09:58:26.424Z","caller":"app/app.go:101","msg":"success to create rabbitmq server"}
{"level":"info","ts":"2021-12-09T13:34:25.725Z","caller":"app/app.go:88","msg":"success to create mysql client"}
{"level":"info","ts":"2021-12-09T13:34:25.905Z","caller":"app/app.go:94","msg":"success to create redis client"}
{"level":"info","ts":"2021-12-09T13:34:26.009Z","caller":"app/app.go:101","msg":"success to create rabbitmq server"}
{"level":"info","ts":"2021-12-09T13:37:52.328Z","caller":"app/app.go:88","msg":"success to create mysql client"}
{"level":"info","ts":"2021-12-09T13:37:52.405Z","caller":"app/app.go:94","msg":"success to create redis client"}
{"level":"info","ts":"2021-12-09T13:37:52.422Z","caller":"app/app.go:101","msg":"success to create rabbitmq server"}
{"level":"info","ts":"2021-12-13T10:25:50.005Z","caller":"app/app.go:88","msg":"success to create mysql client"}
{"level":"info","ts":"2021-12-13T10:25:50.013Z","caller":"app/app.go:94","msg":"success to create redis client"}
{"level":"info","ts":"2021-12-13T10:25:50.204Z","caller":"app/app.go:101","msg":"success to create rabbitmq server"}
{"level":"info","ts":"2021-12-13T10:29:13.908Z","caller":"app/app.go:88","msg":"success to create mysql client"}
{"level":"info","ts":"2021-12-13T10:29:13.912Z","caller":"app/app.go:94","msg":"success to create redis client"}
{"level":"info","ts":"2021-12-13T10:29:14.012Z","caller":"app/app.go:101","msg":"success to create rabbitmq server"}
{"level":"info","ts":"2021-12-13T13:48:48.293Z","caller":"app/app.go:88","msg":"success to create mysql client"}
{"level":"info","ts":"2021-12-13T13:48:48.295Z","caller":"app/app.go:94","msg":"success to create redis client"}
{"level":"info","ts":"2021-12-13T13:48:48.405Z","caller":"app/app.go:101","msg":"success to create rabbitmq server"}
{"level":"info","ts":"2021-12-13T13:49:38.695Z","caller":"app/app.go:88","msg":"success to create mysql client"}
{"level":"info","ts":"2021-12-13T13:49:38.706Z","caller":"app/app.go:94","msg":"success to create redis client"}
{"level":"info","ts":"2021-12-13T13:49:39.108Z","caller":"app/app.go:101","msg":"success to create rabbitmq server"}
